{"C:\\Users\\Cristhian\\Desktop\\casino uls front + back\\Proyecto-de-Ingenier-a-de-Software-II-ULS-\\src\\assets\\logo-dgae.png": {"path":"C:\\Users\\Cristhian\\Desktop\\casino uls front + back\\Proyecto-de-Ingenier-a-de-Software-II-ULS-\\src\\assets\\logo-dgae.png","statementMap":{},"fnMap":{},"branchMap":{},"s":{},"f":{},"b":{},"meta":{"lastBranch":0,"lastFunction":0,"lastStatement":0,"seen":{}}}
,"C:\\Users\\Cristhian\\Desktop\\casino uls front + back\\Proyecto-de-Ingenier-a-de-Software-II-ULS-\\src\\assets\\logo.png": {"path":"C:\\Users\\Cristhian\\Desktop\\casino uls front + back\\Proyecto-de-Ingenier-a-de-Software-II-ULS-\\src\\assets\\logo.png","statementMap":{},"fnMap":{},"branchMap":{},"s":{},"f":{},"b":{},"meta":{"lastBranch":0,"lastFunction":0,"lastStatement":0,"seen":{}}}
,"C:\\Users\\Cristhian\\Desktop\\casino uls front + back\\Proyecto-de-Ingenier-a-de-Software-II-ULS-\\src\\assets\\uls_logo.png": {"path":"C:\\Users\\Cristhian\\Desktop\\casino uls front + back\\Proyecto-de-Ingenier-a-de-Software-II-ULS-\\src\\assets\\uls_logo.png","statementMap":{},"fnMap":{},"branchMap":{},"s":{},"f":{},"b":{},"meta":{"lastBranch":0,"lastFunction":0,"lastStatement":0,"seen":{}}}
,"C:\\Users\\Cristhian\\Desktop\\casino uls front + back\\Proyecto-de-Ingenier-a-de-Software-II-ULS-\\src\\components\\Footer.jsx": {"path":"C:\\Users\\Cristhian\\Desktop\\casino uls front + back\\Proyecto-de-Ingenier-a-de-Software-II-ULS-\\src\\components\\Footer.jsx","statementMap":{"0":{"start":{"line":8,"column":15},"end":{"line":55,"column":null}},"1":{"start":{"line":9,"column":8},"end":{"line":9,"column":null}},"2":{"start":{"line":11,"column":2},"end":{"line":53,"column":null}}},"fnMap":{"0":{"name":"(anonymous_0)","decl":{"start":{"line":8,"column":15},"end":{"line":8,"column":21}},"loc":{"start":{"line":8,"column":21},"end":{"line":55,"column":null}},"line":8}},"branchMap":{},"s":{"0":1,"1":3,"2":3},"f":{"0":3},"b":{},"meta":{"lastBranch":0,"lastFunction":1,"lastStatement":3,"seen":{"s:8:15:55:Infinity":0,"f:8:15:8:21":0,"s:9:8:9:Infinity":1,"s:11:2:53:Infinity":2}}}
,"C:\\Users\\Cristhian\\Desktop\\casino uls front + back\\Proyecto-de-Ingenier-a-de-Software-II-ULS-\\src\\components\\Header.jsx": {"path":"C:\\Users\\Cristhian\\Desktop\\casino uls front + back\\Proyecto-de-Ingenier-a-de-Software-II-ULS-\\src\\components\\Header.jsx","statementMap":{"0":{"start":{"line":10,"column":15},"end":{"line":215,"column":null}},"1":{"start":{"line":11,"column":36},"end":{"line":11,"column":null}},"2":{"start":{"line":12,"column":46},"end":{"line":12,"column":null}},"3":{"start":{"line":14,"column":4},"end":{"line":14,"column":null}},"4":{"start":{"line":16,"column":24},"end":{"line":19,"column":null}},"5":{"start":{"line":17,"column":4},"end":{"line":17,"column":null}},"6":{"start":{"line":18,"column":4},"end":{"line":18,"column":null}},"7":{"start":{"line":21,"column":2},"end":{"line":213,"column":null}},"8":{"start":{"line":53,"column":29},"end":{"line":53,"column":null}},"9":{"start":{"line":71,"column":29},"end":{"line":71,"column":null}},"10":{"start":{"line":140,"column":16},"end":{"line":140,"column":null}},"11":{"start":{"line":141,"column":16},"end":{"line":141,"column":null}},"12":{"start":{"line":168,"column":49},"end":{"line":168,"column":null}}},"fnMap":{"0":{"name":"(anonymous_0)","decl":{"start":{"line":10,"column":15},"end":{"line":10,"column":21}},"loc":{"start":{"line":10,"column":21},"end":{"line":215,"column":null}},"line":10},"1":{"name":"(anonymous_1)","decl":{"start":{"line":16,"column":24},"end":{"line":16,"column":30}},"loc":{"start":{"line":16,"column":30},"end":{"line":19,"column":null}},"line":16},"2":{"name":"(anonymous_2)","decl":{"start":{"line":53,"column":23},"end":{"line":53,"column":29}},"loc":{"start":{"line":53,"column":29},"end":{"line":53,"column":null}},"line":53},"3":{"name":"(anonymous_3)","decl":{"start":{"line":71,"column":23},"end":{"line":71,"column":29}},"loc":{"start":{"line":71,"column":29},"end":{"line":71,"column":null}},"line":71},"4":{"name":"(anonymous_4)","decl":{"start":{"line":139,"column":23},"end":{"line":139,"column":29}},"loc":{"start":{"line":139,"column":29},"end":{"line":142,"column":null}},"line":139},"5":{"name":"(anonymous_5)","decl":{"start":{"line":168,"column":43},"end":{"line":168,"column":49}},"loc":{"start":{"line":168,"column":49},"end":{"line":168,"column":null}},"line":168}},"branchMap":{"0":{"loc":{"start":{"line":74,"column":15},"end":{"line":101,"column":null}},"type":"cond-expr","locations":[{"start":{"line":75,"column":16},"end":{"line":87,"column":null}},{"start":{"line":89,"column":16},"end":{"line":101,"column":null}}],"line":74},"1":{"loc":{"start":{"line":110,"column":12},"end":{"line":110,"column":null}},"type":"cond-expr","locations":[{"start":{"line":110,"column":31},"end":{"line":110,"column":41}},{"start":{"line":110,"column":41},"end":{"line":110,"column":null}}],"line":110}},"s":{"0":1,"1":16,"2":16,"3":16,"4":16,"5":2,"6":2,"7":16,"8":3,"9":2,"10":1,"11":1,"12":1},"f":{"0":16,"1":2,"2":3,"3":2,"4":1,"5":1},"b":{"0":[2,14],"1":[2,14]},"meta":{"lastBranch":2,"lastFunction":6,"lastStatement":13,"seen":{"s:10:15:215:Infinity":0,"f:10:15:10:21":0,"s:11:36:11:Infinity":1,"s:12:46:12:Infinity":2,"s:14:4:14:Infinity":3,"s:16:24:19:Infinity":4,"f:16:24:16:30":1,"s:17:4:17:Infinity":5,"s:18:4:18:Infinity":6,"s:21:2:213:Infinity":7,"f:53:23:53:29":2,"s:53:29:53:Infinity":8,"f:71:23:71:29":3,"s:71:29:71:Infinity":9,"b:75:16:87:Infinity:89:16:101:Infinity":0,"b:110:31:110:41:110:41:110:Infinity":1,"f:139:23:139:29":4,"s:140:16:140:Infinity":10,"s:141:16:141:Infinity":11,"f:168:43:168:49":5,"s:168:49:168:Infinity":12}}}
,"C:\\Users\\Cristhian\\Desktop\\casino uls front + back\\Proyecto-de-Ingenier-a-de-Software-II-ULS-\\src\\components\\InstagramIcon.jsx": {"path":"C:\\Users\\Cristhian\\Desktop\\casino uls front + back\\Proyecto-de-Ingenier-a-de-Software-II-ULS-\\src\\components\\InstagramIcon.jsx","statementMap":{"0":{"start":{"line":6,"column":22},"end":{"line":20,"column":null}},"1":{"start":{"line":7,"column":2},"end":{"line":20,"column":null}}},"fnMap":{"0":{"name":"(anonymous_0)","decl":{"start":{"line":6,"column":22},"end":{"line":6,"column":23}},"loc":{"start":{"line":7,"column":2},"end":{"line":20,"column":null}},"line":7}},"branchMap":{},"s":{"0":1,"1":3},"f":{"0":3},"b":{},"meta":{"lastBranch":0,"lastFunction":1,"lastStatement":2,"seen":{"s:6:22:20:Infinity":0,"f:6:22:6:23":0,"s:7:2:20:Infinity":1}}}
,"C:\\Users\\Cristhian\\Desktop\\casino uls front + back\\Proyecto-de-Ingenier-a-de-Software-II-ULS-\\src\\components\\Modal.jsx": {"path":"C:\\Users\\Cristhian\\Desktop\\casino uls front + back\\Proyecto-de-Ingenier-a-de-Software-II-ULS-\\src\\components\\Modal.jsx","statementMap":{"0":{"start":{"line":7,"column":25},"end":{"line":10,"column":null}},"1":{"start":{"line":12,"column":22},"end":{"line":26,"column":null}},"2":{"start":{"line":28,"column":14},"end":{"line":61,"column":null}},"3":{"start":{"line":29,"column":2},"end":{"line":59,"column":null}},"4":{"start":{"line":42,"column":28},"end":{"line":42,"column":null}}},"fnMap":{"0":{"name":"(anonymous_0)","decl":{"start":{"line":28,"column":14},"end":{"line":28,"column":15}},"loc":{"start":{"line":28,"column":49},"end":{"line":61,"column":null}},"line":28},"1":{"name":"(anonymous_1)","decl":{"start":{"line":42,"column":21},"end":{"line":42,"column":22}},"loc":{"start":{"line":42,"column":28},"end":{"line":42,"column":null}},"line":42}},"branchMap":{"0":{"loc":{"start":{"line":31,"column":7},"end":{"line":57,"column":null}},"type":"binary-expr","locations":[{"start":{"line":31,"column":7},"end":{"line":31,"column":null}},{"start":{"line":32,"column":8},"end":{"line":57,"column":null}}],"line":31}},"s":{"0":1,"1":1,"2":1,"3":5,"4":2},"f":{"0":5,"1":2},"b":{"0":[5,3]},"meta":{"lastBranch":1,"lastFunction":2,"lastStatement":5,"seen":{"s:7:25:10:Infinity":0,"s:12:22:26:Infinity":1,"s:28:14:61:Infinity":2,"f:28:14:28:15":0,"s:29:2:59:Infinity":3,"b:31:7:31:Infinity:32:8:57:Infinity":0,"f:42:21:42:22":1,"s:42:28:42:Infinity":4}}}
}
